<?xml version="1.0" encoding="UTF-8"?>
<testng-results skipped="0" failed="0" ignored="0" total="1" passed="1">
  <reporter-output>
  </reporter-output>
  <suite name="Default suite" duration-ms="15125" started-at="2019-07-19T05:20:59Z" finished-at="2019-07-19T05:21:14Z">
    <groups>
    </groups>
    <test name="Default test" duration-ms="15125" started-at="2019-07-19T05:20:59Z" finished-at="2019-07-19T05:21:14Z">
      <class name="com.test.mavendemo3">
        <test-method status="PASS" signature="f()[pri:0, instance:com.test.mavendemo3@66a3ffec]" name="f" duration-ms="15073" started-at="2019-07-19T05:20:59Z" finished-at="2019-07-19T05:21:14Z">
          <reporter-output>
          </reporter-output>
        </test-method> <!-- f -->
      </class> <!-- com.test.mavendemo3 -->
    </test> <!-- Default test -->
  </suite> <!-- Default suite -->
</testng-results>
